<?xml version="1.0" encoding="UTF-8"?>
<!-- Generated by org.testng.reporters.JUnitReportReporter -->
<testsuite skipped="0" hostname="DT-PC" name="com.dt.spring.mvc.NewTest" tests="2" failures="0" timestamp="27 Apr 2018 05:57:11 GMT" time="0.558" errors="0">
  <testcase name="f" time="0.487" classname="com.dt.spring.mvc.NewTest"/>
  <testcase name="f" time="0.071" classname="com.dt.spring.mvc.NewTest"/>
</testsuite> <!-- com.dt.spring.mvc.NewTest -->
